This is pdfTeX, Version 3.14159265-2.6-1.40.19 (MiKTeX 2.9.6630) (preloaded format=pdflatex 2019.6.13)  16 JUN 2019 07:40
entering extended mode
**./Doc.tex
(Doc.tex
LaTeX2e <2017-04-15>
Babel <3.18> and hyphenation patterns for 75 language(s) loaded.
("C:\Program Files (x86)\MiKTeX 2.9\tex\latex\base\article.cls"
Document Class: article 2014/09/29 v1.4h Standard LaTeX document class
("C:\Program Files (x86)\MiKTeX 2.9\tex\latex\base\size12.clo"
File: size12.clo 2014/09/29 v1.4h Standard LaTeX file (size option)
)
\c@part=\count79
\c@section=\count80
\c@subsection=\count81
\c@subsubsection=\count82
\c@paragraph=\count83
\c@subparagraph=\count84
\c@figure=\count85
\c@table=\count86
\abovecaptionskip=\skip41
\belowcaptionskip=\skip42
\bibindent=\dimen102
)
("C:\Program Files (x86)\MiKTeX 2.9\tex\latex\geometry\geometry.sty"
Package: geometry 2010/09/12 v5.6 Page Geometry

("C:\Program Files (x86)\MiKTeX 2.9\tex\latex\graphics\keyval.sty"
Package: keyval 2014/10/28 v1.15 key=value parser (DPC)
\KV@toks@=\toks14
)
("C:\Program Files (x86)\MiKTeX 2.9\tex\generic\oberdiek\ifpdf.sty"
Package: ifpdf 2017/03/15 v3.2 Provides the ifpdf switch
)
("C:\Program Files (x86)\MiKTeX 2.9\tex\generic\oberdiek\ifvtex.sty"
Package: ifvtex 2016/05/16 v1.6 Detect VTeX and its facilities (HO)
Package ifvtex Info: VTeX not detected.
)
("C:\Program Files (x86)\MiKTeX 2.9\tex\generic\ifxetex\ifxetex.sty"
Package: ifxetex 2010/09/12 v0.6 Provides ifxetex conditional
)
\Gm@cnth=\count87
\Gm@cntv=\count88
\c@Gm@tempcnt=\count89
\Gm@bindingoffset=\dimen103
\Gm@wd@mp=\dimen104
\Gm@odd@mp=\dimen105
\Gm@even@mp=\dimen106
\Gm@layoutwidth=\dimen107
\Gm@layoutheight=\dimen108
\Gm@layouthoffset=\dimen109
\Gm@layoutvoffset=\dimen110
\Gm@dimlist=\toks15

("C:\Program Files (x86)\MiKTeX 2.9\tex\latex\geometry\geometry.cfg"))
("C:\Program Files (x86)\MiKTeX 2.9\tex\latex\graphics\graphicx.sty"
Package: graphicx 2017/06/01 v1.1a Enhanced LaTeX Graphics (DPC,SPQR)

("C:\Program Files (x86)\MiKTeX 2.9\tex\latex\graphics\graphics.sty"
Package: graphics 2017/06/25 v1.2c Standard LaTeX Graphics (DPC,SPQR)

("C:\Program Files (x86)\MiKTeX 2.9\tex\latex\graphics\trig.sty"
Package: trig 2016/01/03 v1.10 sin cos tan (DPC)
)
("C:\Program Files (x86)\MiKTeX 2.9\tex\latex\graphics-cfg\graphics.cfg"
File: graphics.cfg 2016/06/04 v1.11 sample graphics configuration
)
Package graphics Info: Driver file: pdftex.def on input line 99.

("C:\Program Files (x86)\MiKTeX 2.9\tex\latex\graphics-def\pdftex.def"
File: pdftex.def 2018/01/08 v1.0l Graphics/color driver for pdftex
))
\Gin@req@height=\dimen111
\Gin@req@width=\dimen112
)
("C:\Program Files (x86)\MiKTeX 2.9\tex\latex\hyperref\hyperref.sty"
Package: hyperref 2018/02/06 v6.86b Hypertext links for LaTeX

("C:\Program Files (x86)\MiKTeX 2.9\tex\generic\oberdiek\hobsub-hyperref.sty"
Package: hobsub-hyperref 2016/05/16 v1.14 Bundle oberdiek, subset hyperref (HO)


("C:\Program Files (x86)\MiKTeX 2.9\tex\generic\oberdiek\hobsub-generic.sty"
Package: hobsub-generic 2016/05/16 v1.14 Bundle oberdiek, subset generic (HO)
Package: hobsub 2016/05/16 v1.14 Construct package bundles (HO)
Package: infwarerr 2016/05/16 v1.4 Providing info/warning/error messages (HO)
Package: ltxcmds 2016/05/16 v1.23 LaTeX kernel commands for general use (HO)
Package: ifluatex 2016/05/16 v1.4 Provides the ifluatex switch (HO)
Package ifluatex Info: LuaTeX not detected.
Package hobsub Info: Skipping package `ifvtex' (already loaded).
Package: intcalc 2016/05/16 v1.2 Expandable calculations with integers (HO)
Package hobsub Info: Skipping package `ifpdf' (already loaded).
Package: etexcmds 2016/05/16 v1.6 Avoid name clashes with e-TeX commands (HO)
Package etexcmds Info: Could not find \expanded.
(etexcmds)             That can mean that you are not using pdfTeX 1.50 or
(etexcmds)             that some package has redefined \expanded.
(etexcmds)             In the latter case, load this package earlier.
Package: kvsetkeys 2016/05/16 v1.17 Key value parser (HO)
Package: kvdefinekeys 2016/05/16 v1.4 Define keys (HO)
Package: pdftexcmds 2018/01/21 v0.26 Utility functions of pdfTeX for LuaTeX (HO
)
Package pdftexcmds Info: LuaTeX not detected.
Package pdftexcmds Info: \pdf@primitive is available.
Package pdftexcmds Info: \pdf@ifprimitive is available.
Package pdftexcmds Info: \pdfdraftmode found.
Package: pdfescape 2016/05/16 v1.14 Implements pdfTeX's escape features (HO)
Package: bigintcalc 2016/05/16 v1.4 Expandable calculations on big integers (HO
)
Package: bitset 2016/05/16 v1.2 Handle bit-vector datatype (HO)
Package: uniquecounter 2016/05/16 v1.3 Provide unlimited unique counter (HO)
)
Package hobsub Info: Skipping package `hobsub' (already loaded).
Package: letltxmacro 2016/05/16 v1.5 Let assignment for LaTeX macros (HO)
Package: hopatch 2016/05/16 v1.3 Wrapper for package hooks (HO)
Package: xcolor-patch 2016/05/16 xcolor patch
Package: atveryend 2016/05/16 v1.9 Hooks at the very end of document (HO)
Package atveryend Info: \enddocument detected (standard20110627).
Package: atbegshi 2016/06/09 v1.18 At begin shipout hook (HO)
Package: refcount 2016/05/16 v3.5 Data extraction from label references (HO)
Package: hycolor 2016/05/16 v1.8 Color options for hyperref/bookmark (HO)
)
("C:\Program Files (x86)\MiKTeX 2.9\tex\latex\oberdiek\auxhook.sty"
Package: auxhook 2016/05/16 v1.4 Hooks for auxiliary files (HO)
)
("C:\Program Files (x86)\MiKTeX 2.9\tex\latex\oberdiek\kvoptions.sty"
Package: kvoptions 2016/05/16 v3.12 Key value format for package options (HO)
)
\@linkdim=\dimen113
\Hy@linkcounter=\count90
\Hy@pagecounter=\count91

("C:\Program Files (x86)\MiKTeX 2.9\tex\latex\hyperref\pd1enc.def"
File: pd1enc.def 2018/02/06 v6.86b Hyperref: PDFDocEncoding definition (HO)
)
\Hy@SavedSpaceFactor=\count92

("C:\Program Files (x86)\MiKTeX 2.9\tex\latex\00miktex\hyperref.cfg"
File: hyperref.cfg 2002/06/06 v1.2 hyperref configuration of TeXLive
)
Package hyperref Info: Hyper figures OFF on input line 4509.
Package hyperref Info: Link nesting OFF on input line 4514.
Package hyperref Info: Hyper index ON on input line 4517.
Package hyperref Info: Plain pages OFF on input line 4524.
Package hyperref Info: Backreferencing OFF on input line 4529.
Package hyperref Info: Implicit mode ON; LaTeX internals redefined.
Package hyperref Info: Bookmarks ON on input line 4762.
\c@Hy@tempcnt=\count93

("C:\Program Files (x86)\MiKTeX 2.9\tex\latex\url\url.sty"
\Urlmuskip=\muskip10
Package: url 2013/09/16  ver 3.4  Verb mode for urls, etc.
)
LaTeX Info: Redefining \url on input line 5115.
\XeTeXLinkMargin=\dimen114
\Fld@menulength=\count94
\Field@Width=\dimen115
\Fld@charsize=\dimen116
Package hyperref Info: Hyper figures OFF on input line 6369.
Package hyperref Info: Link nesting OFF on input line 6374.
Package hyperref Info: Hyper index ON on input line 6377.
Package hyperref Info: backreferencing OFF on input line 6384.
Package hyperref Info: Link coloring OFF on input line 6389.
Package hyperref Info: Link coloring with OCG OFF on input line 6394.
Package hyperref Info: PDF/A mode OFF on input line 6399.
LaTeX Info: Redefining \ref on input line 6439.
LaTeX Info: Redefining \pageref on input line 6443.
\Hy@abspage=\count95
\c@Item=\count96
\c@Hfootnote=\count97
)
Package hyperref Info: Driver (autodetected): hpdftex.

("C:\Program Files (x86)\MiKTeX 2.9\tex\latex\hyperref\hpdftex.def"
File: hpdftex.def 2018/02/06 v6.86b Hyperref driver for pdfTeX
\Fld@listcount=\count98
\c@bookmark@seq@number=\count99

("C:\Program Files (x86)\MiKTeX 2.9\tex\latex\oberdiek\rerunfilecheck.sty"
Package: rerunfilecheck 2016/05/16 v1.8 Rerun checks for auxiliary files (HO)
Package uniquecounter Info: New unique counter `rerunfilecheck' on input line 2
82.
)
\Hy@SectionHShift=\skip43
)
Package hyperref Info: Option `colorlinks' set `true' on input line 9.

("C:\Program Files (x86)\MiKTeX 2.9\tex\latex\tools\indentfirst.sty"
Package: indentfirst 1995/11/23 v1.03 Indent first paragraph (DPC)
)
("C:\Program Files (x86)\MiKTeX 2.9\tex\latex\setspace\setspace.sty"
Package: setspace 2011/12/19 v6.7a set line spacing
)
("C:\Program Files (x86)\MiKTeX 2.9\tex\latex\tools\longtable.sty"
Package: longtable 2014/10/28 v4.11 Multi-page Table package (DPC)
\LTleft=\skip44
\LTright=\skip45
\LTpre=\skip46
\LTpost=\skip47
\LTchunksize=\count100
\LTcapwidth=\dimen117
\LT@head=\box26
\LT@firsthead=\box27
\LT@foot=\box28
\LT@lastfoot=\box29
\LT@cols=\count101
\LT@rows=\count102
\c@LT@tables=\count103
\c@LT@chunks=\count104
\LT@p@ftn=\toks16
)
("C:\Program Files (x86)\MiKTeX 2.9\tex\latex\multirow\multirow.sty"
Package: multirow 2016/11/25 v2.2 Span multiple rows of a table
\multirow@colwidth=\skip48
\multirow@cntb=\count105
\multirow@dima=\skip49
\bigstrutjot=\dimen118
) (Doc.aux)
\openout1 = `Doc.aux'.

LaTeX Font Info:    Checking defaults for OML/cmm/m/it on input line 25.
LaTeX Font Info:    ... okay on input line 25.
LaTeX Font Info:    Checking defaults for T1/cmr/m/n on input line 25.
LaTeX Font Info:    ... okay on input line 25.
LaTeX Font Info:    Checking defaults for OT1/cmr/m/n on input line 25.
LaTeX Font Info:    ... okay on input line 25.
LaTeX Font Info:    Checking defaults for OMS/cmsy/m/n on input line 25.
LaTeX Font Info:    ... okay on input line 25.
LaTeX Font Info:    Checking defaults for OMX/cmex/m/n on input line 25.
LaTeX Font Info:    ... okay on input line 25.
LaTeX Font Info:    Checking defaults for U/cmr/m/n on input line 25.
LaTeX Font Info:    ... okay on input line 25.
LaTeX Font Info:    Checking defaults for PD1/pdf/m/n on input line 25.
LaTeX Font Info:    ... okay on input line 25.
*geometry* driver: auto-detecting
*geometry* detected driver: pdftex
*geometry* verbose mode - [ preamble ] result:
* driver: pdftex
* paper: <default>
* layout: <same size as paper>
* layoutoffset:(h,v)=(0.0pt,0.0pt)
* modes: 
* h-part:(L,W,R)=(72.26999pt, 469.75502pt, 72.26999pt)
* v-part:(T,H,B)=(72.26999pt, 650.43001pt, 72.26999pt)
* \paperwidth=614.295pt
* \paperheight=794.96999pt
* \textwidth=469.75502pt
* \textheight=650.43001pt
* \oddsidemargin=0.0pt
* \evensidemargin=0.0pt
* \topmargin=-37.0pt
* \headheight=12.0pt
* \headsep=25.0pt
* \topskip=12.0pt
* \footskip=30.0pt
* \marginparwidth=44.0pt
* \marginparsep=10.0pt
* \columnsep=10.0pt
* \skip\footins=10.8pt plus 4.0pt minus 2.0pt
* \hoffset=0.0pt
* \voffset=0.0pt
* \mag=1000
* \@twocolumnfalse
* \@twosidefalse
* \@mparswitchfalse
* \@reversemarginfalse
* (1in=72.27pt=25.4mm, 1cm=28.453pt)

("C:\Program Files (x86)\MiKTeX 2.9\tex\context\base\mkii\supp-pdf.mkii"
[Loading MPS to PDF converter (version 2006.09.02).]
\scratchcounter=\count106
\scratchdimen=\dimen119
\scratchbox=\box30
\nofMPsegments=\count107
\nofMParguments=\count108
\everyMPshowfont=\toks17
\MPscratchCnt=\count109
\MPscratchDim=\dimen120
\MPnumerator=\count110
\makeMPintoPDFobject=\count111
\everyMPtoPDFconversion=\toks18
) ("C:\Program Files (x86)\MiKTeX 2.9\tex\latex\oberdiek\epstopdf-base.sty"
Package: epstopdf-base 2016/05/15 v2.6 Base part for package epstopdf

("C:\Program Files (x86)\MiKTeX 2.9\tex\latex\oberdiek\grfext.sty"
Package: grfext 2016/05/16 v1.2 Manage graphics extensions (HO)
)
Package epstopdf-base Info: Redefining graphics rule for `.eps' on input line 4
38.
Package grfext Info: Graphics extension search list:
(grfext)             [.pdf,.png,.jpg,.mps,.jpeg,.jbig2,.jb2,.PDF,.PNG,.JPG,.JPE
G,.JBIG2,.JB2,.eps]
(grfext)             \AppendGraphicsExtensions on input line 456.
)
\AtBeginShipoutBox=\box31

("C:\Program Files (x86)\MiKTeX 2.9\tex\latex\graphics\color.sty"
Package: color 2016/07/10 v1.1e Standard LaTeX Color (DPC)

("C:\Program Files (x86)\MiKTeX 2.9\tex\latex\graphics-cfg\color.cfg"
File: color.cfg 2016/01/02 v1.6 sample color configuration
)
Package color Info: Driver file: pdftex.def on input line 147.
)
Package hyperref Info: Link coloring ON on input line 25.

("C:\Program Files (x86)\MiKTeX 2.9\tex\latex\hyperref\nameref.sty"
Package: nameref 2016/05/21 v2.44 Cross-referencing by name of section

("C:\Program Files (x86)\MiKTeX 2.9\tex\generic\oberdiek\gettitlestring.sty"
Package: gettitlestring 2016/05/16 v1.5 Cleanup title references (HO)
)
\c@section@level=\count112
)
LaTeX Info: Redefining \ref on input line 25.
LaTeX Info: Redefining \pageref on input line 25.
LaTeX Info: Redefining \nameref on input line 25.

(Doc.out) (Doc.out)
\@outlinefile=\write3
\openout3 = `Doc.out'.

LaTeX Font Info:    External font `cmex10' loaded for size
(Font)              <14.4> on input line 28.
LaTeX Font Info:    External font `cmex10' loaded for size
(Font)              <7> on input line 28.
 [1

{C:/Users/Abd-Alrahman Yousry/AppData/Local/MiKTeX/2.9/pdftex/config/pdftex.map
}]pdfTeX warning (ext4): destination with the same identifier (name{page.1}) ha
s been already used, duplicate ignored
<to be read again> 
                   \relax 
l.41 	\clearpage
                 [1] (Doc.toc
LaTeX Font Info:    External font `cmex10' loaded for size
(Font)              <12> on input line 2.
LaTeX Font Info:    External font `cmex10' loaded for size
(Font)              <8> on input line 2.
LaTeX Font Info:    External font `cmex10' loaded for size
(Font)              <6> on input line 2.
pdfTeX warning (ext4): destination with the same identifier (name{page.1}) has 
been already used, duplicate ignored
<to be read again> 
                   \relax 
l.33 ...nctional Requirements}{22}{subsection.4.3}
                                                   [1

])
\tf@toc=\write4
\openout4 = `Doc.toc'.

 [2]
Missing character: There is no ‚ in font cmr12!
Missing character: There is no Ä in font cmr12!
Missing character: There is no î in font cmr12!

Overfull \hbox (3.00398pt too wide) in paragraph at lines 54--55
[]\OT1/cmr/m/n/12 The core value of this project is to Up-Scale the Low-Resolut
ion im-ages to Super-Resolution
 []

<Images/GANStructure.png, id=330, 1204.5pt x 306.14375pt>
File: Images/GANStructure.png Graphic file (type png)
<use Images/GANStructure.png>
Package pdftex.def Info: Images/GANStructure.png  used on input line 57.
(pdftex.def)             Requested size: 433.62pt x 110.21165pt.
[3

 <./Images/GANStructure.png (PNG copy)>]
Overfull \hbox (1.69844pt too wide) in paragraph at lines 70--71
[]\OT1/cmr/m/n/12 Super-Resolution im-age is fed to the Dis-crim-i-na-tor along
-side the ac-tual High-Resolution
 []

<Images/ResidualStructure.png, id=336, 572.1375pt x 330.23375pt>
File: Images/ResidualStructure.png Graphic file (type png)
<use Images/ResidualStructure.png>
Package pdftex.def Info: Images/ResidualStructure.png  used on input line 84.
(pdftex.def)             Requested size: 289.07999pt x 166.85489pt.
[4 <./Images/ResidualStructure.png (PNG copy)>]
LaTeX Font Info:    Try loading font information for OMS+cmr on input line 96.

("C:\Program Files (x86)\MiKTeX 2.9\tex\latex\base\omscmr.fd"
File: omscmr.fd 2014/09/29 v2.5h Standard LaTeX font definitions
)
LaTeX Font Info:    Font shape `OMS/cmr/m/n' in size <12> not available
(Font)              Font shape `OMS/cmsy/m/n' tried instead on input line 96.
Missing character: There is no ‚ in font cmr12!
Missing character: There is no Ä in font cmr12!
Missing character: There is no ¶ in font cmr12!

Overfull \hbox (18.89716pt too wide) in paragraph at lines 104--105
\OT1/cmr/m/n/12 Resolution im-ages by ap-ply-ing \OT1/cmr/m/sc/12 Deep Net-work
 with Ad-ver-sar-ial Net-work(Generative
 []

[5] [6]
Overfull \hbox (9.55125pt too wide) in paragraph at lines 119--120
\OT1/cmr/m/n/12 roughly put into sev-eral cat-e-gories: \OT1/cmr/m/sc/12 Interp
olation-Based\OT1/cmr/m/n/12 , \OT1/cmr/m/sc/12 Statistics-Based\OT1/cmr/m/n/12
 , \OT1/cmr/m/sc/12 Learning-
 []


Overfull \hbox (0.37146pt too wide) in paragraph at lines 121--122
\OT1/cmr/m/n/12 pop-u-lar clas-si-cal in-ter-po-la-tion meth-ods: \OT1/cmr/m/sc
/12 Nearest-Neighbour In-ter-po-la-tion \OT1/cmr/m/n/12 and \OT1/cmr/m/sc/12 Bi
cu-
 []

<Images/BiCubicVSNN.jpg, id=358, 289.08pt x 143.0946pt>
File: Images/BiCubicVSNN.jpg Graphic file (type jpg)
<use Images/BiCubicVSNN.jpg>
Package pdftex.def Info: Images/BiCubicVSNN.jpg  used on input line 124.
(pdftex.def)             Requested size: 433.62pt x 214.65227pt.
[7

] [8 <./Images/BiCubicVSNN.jpg>]
Missing character: There is no ‚ in font cmr12!
Missing character: There is no Ä in font cmr12!
Missing character: There is no ô in font cmr12!
 [9]
<Images/PW.png, id=420, 853.1875pt x 550.055pt>
File: Images/PW.png Graphic file (type png)
<use Images/PW.png>
Package pdftex.def Info: Images/PW.png  used on input line 144.
(pdftex.def)             Requested size: 433.62pt x 279.55911pt.
 [10 <./Images/PW.png>] [11] [12

]
[13]
Overfull \hbox (3.38187pt too wide) in paragraph at lines 178--179
[]\OT1/cmr/m/n/12 We use a Dis-crim-i-na-tor to dis-tin-guish the High-Resoluti
on HR im-ages and Back-Propagate
 []

Missing character: There is no ‚ in font cmti12!
Missing character: There is no Ä in font cmti12!
Missing character: There is no ú in font cmti12!
Missing character: There is no ‚ in font cmti12!
Missing character: There is no Ä in font cmti12!
Missing character: There is no ù in font cmti12!
<Images/Discriminator.jpeg, id=454, 863.225pt x 183.68625pt>
File: Images/Discriminator.jpeg Graphic file (type jpg)
<use Images/Discriminator.jpeg>
Package pdftex.def Info: Images/Discriminator.jpeg  used on input line 188.
(pdftex.def)             Requested size: 433.62pt x 92.2689pt.
[14 <./Images/Discriminator.jpeg>] [15]
<Images/Generator.jpeg, id=463, 903.375pt x 260.47313pt>
File: Images/Generator.jpeg Graphic file (type jpg)
<use Images/Generator.jpeg>
Package pdftex.def Info: Images/Generator.jpeg  used on input line 212.
(pdftex.def)             Requested size: 433.62pt x 125.02965pt.
 [16 <./Images/Generator.jpeg>] [17]
Overfull \hbox (3.00398pt too wide) in paragraph at lines 276--277
[]\OT1/cmr/m/n/12 The core value of this project is to Up-Scale the Low-Resolut
ion im-ages to Super-Resolution
 []

Missing character: There is no ‚ in font cmr12!
Missing character: There is no Ä in font cmr12!
Missing character: There is no ô in font cmr12!
[18

] [19]
Missing character: There is no ‚ in font cmr12!
Missing character: There is no Ä in font cmr12!
Missing character: There is no ô in font cmr12!
 [20]
Missing character: There is no ‚ in font cmr12!
Missing character: There is no Ä in font cmr12!
Missing character: There is no ô in font cmr12!
Missing character: There is no ‚ in font cmr12!
Missing character: There is no Ä in font cmr12!
Missing character: There is no ô in font cmr12!
 [21]
Missing character: There is no ‚ in font cmr12!
Missing character: There is no Ä in font cmr12!
Missing character: There is no ô in font cmr12!

Overfull \hbox (15.84212pt too wide) in alignment at lines 327--363
 [] [] [] 
 []


Underfull \vbox (badness 10000) detected at line 363
 []

[22

]
Missing character: There is no ‚ in font cmr12!
Missing character: There is no Ä in font cmr12!
Missing character: There is no ô in font cmr12!
Missing character: There is no ‚ in font cmr12!
Missing character: There is no Ä in font cmr12!
Missing character: There is no ô in font cmr12!
 [23]
Missing character: There is no ‚ in font cmr12!
Missing character: There is no Ä in font cmr12!
Missing character: There is no ô in font cmr12!
Missing character: There is no ‚ in font cmr12!
Missing character: There is no Ä in font cmr12!
Missing character: There is no ô in font cmr12!
 [24] [25] [26] [27]
<Images/GANBlockDiagram.png, id=528, 1411.2725pt x 516.93124pt>
File: Images/GANBlockDiagram.png Graphic file (type png)
<use Images/GANBlockDiagram.png>
Package pdftex.def Info: Images/GANBlockDiagram.png  used on input line 493.
(pdftex.def)             Requested size: 433.62pt x 158.82724pt.
 [28]
<Images/ClassDiagram.png, id=533, 924.45375pt x 534.99875pt>
File: Images/ClassDiagram.png Graphic file (type png)
<use Images/ClassDiagram.png>
Package pdftex.def Info: Images/ClassDiagram.png  used on input line 509.
(pdftex.def)             Requested size: 433.62pt x 250.94331pt.
 [29 <./Images/GANBlockDiagram.png (PNG copy)>] [30 <./Images/ClassDiagram.png>
]
Overfull \hbox (2.21262pt too wide) in paragraph at lines 539--540
[]\OT1/cmr/bx/n/12 Train\OT1/cmr/m/n/12 : Takes Low-Resolution im-ages, High-Re
solution im-ages, Batch Size, Epochs
 []

<Images/UseCaseDiagram.png, id=545, 753.81625pt x 526.96875pt>
File: Images/UseCaseDiagram.png Graphic file (type png)
<use Images/UseCaseDiagram.png>
Package pdftex.def Info: Images/UseCaseDiagram.png  used on input line 550.
(pdftex.def)             Requested size: 433.62pt x 303.12529pt.
[31] [32 <./Images/UseCaseDiagram.png>]
<Images/SequenceDiagram.jpg, id=555, 463.7325pt x 1164.60094pt>
File: Images/SequenceDiagram.jpg Graphic file (type jpg)
<use Images/SequenceDiagram.jpg>
Package pdftex.def Info: Images/SequenceDiagram.jpg  used on input line 587.
(pdftex.def)             Requested size: 216.81pt x 544.5015pt.
 [33]
<Images/ActivityDiagram.jpg, id=560, 393.47pt x 819.06pt>
File: Images/ActivityDiagram.jpg Graphic file (type jpg)
<use Images/ActivityDiagram.jpg>
Package pdftex.def Info: Images/ActivityDiagram.jpg  used on input line 594.
(pdftex.def)             Requested size: 289.07999pt x 601.75816pt.
 [34 <./Images/SequenceDiagram.jpg>] [35 <./Images/ActivityDiagram.jpg>] [36]
File: Images/Generator.jpeg Graphic file (type jpg)
<use Images/Generator.jpeg>
Package pdftex.def Info: Images/Generator.jpeg  used on input line 628.
(pdftex.def)             Requested size: 433.62pt x 125.02965pt.
File: Images/Generator.jpeg Graphic file (type jpg)
<use Images/Generator.jpeg>
Package pdftex.def Info: Images/Generator.jpeg  used on input line 635.
(pdftex.def)             Requested size: 433.62pt x 125.02965pt.
File: Images/Generator.jpeg Graphic file (type jpg)
<use Images/Generator.jpeg>
Package pdftex.def Info: Images/Generator.jpeg  used on input line 642.
(pdftex.def)             Requested size: 433.62pt x 125.02965pt.
 [37]
File: Images/Generator.jpeg Graphic file (type jpg)
<use Images/Generator.jpeg>
Package pdftex.def Info: Images/Generator.jpeg  used on input line 657.
(pdftex.def)             Requested size: 433.62pt x 125.02965pt.
File: Images/Generator.jpeg Graphic file (type jpg)
<use Images/Generator.jpeg>
Package pdftex.def Info: Images/Generator.jpeg  used on input line 664.
(pdftex.def)             Requested size: 433.62pt x 125.02965pt.
 [38]
File: Images/Generator.jpeg Graphic file (type jpg)
<use Images/Generator.jpeg>
Package pdftex.def Info: Images/Generator.jpeg  used on input line 671.
(pdftex.def)             Requested size: 433.62pt x 125.02965pt.
File: Images/Generator.jpeg Graphic file (type jpg)
<use Images/Generator.jpeg>
Package pdftex.def Info: Images/Generator.jpeg  used on input line 682.
(pdftex.def)             Requested size: 433.62pt x 125.02965pt.
 [39]
File: Images/Generator.jpeg Graphic file (type jpg)
<use Images/Generator.jpeg>
Package pdftex.def Info: Images/Generator.jpeg  used on input line 689.
(pdftex.def)             Requested size: 433.62pt x 125.02965pt.
File: Images/Generator.jpeg Graphic file (type jpg)
<use Images/Generator.jpeg>
Package pdftex.def Info: Images/Generator.jpeg  used on input line 696.
(pdftex.def)             Requested size: 433.62pt x 125.02965pt.
 [40]
Missing character: There is no √ in font cmr12!
Missing character: There is no ó in font cmr12!
 [41

] [42

]
[43]
Package atveryend Info: Empty hook `BeforeClearDocument' on input line 740.
 [44]
Package atveryend Info: Empty hook `AfterLastShipout' on input line 740.
 (Doc.aux)
Package atveryend Info: Executing hook `AtVeryEndDocument' on input line 740.
Package atveryend Info: Executing hook `AtEndAfterFileList' on input line 740.
Package rerunfilecheck Info: File `Doc.out' has not changed.
(rerunfilecheck)             Checksum: DB3E5C51F2B7A5AB0E379D71275FDDA6;4386.
Package atveryend Info: Empty hook `AtVeryVeryEnd' on input line 740.
 ) 
Here is how much of TeX's memory you used:
 6012 strings out of 493305
 89632 string characters out of 3136238
 183834 words of memory out of 3000000
 9349 multiletter control sequences out of 15000+200000
 10534 words of font info for 37 fonts, out of 3000000 for 9000
 1141 hyphenation exceptions out of 8191
 28i,8n,28p,1721b,444s stack positions out of 5000i,500n,10000p,200000b,50000s
<C:/Program Files (x86)/MiKTeX 2.9/fonts/type1/public/amsfonts/cm/cmbx10.pfb>
<C:/Program Files (x86)/MiKTeX 2.9/fonts/type1/public/amsfonts/cm/cmbx12.pfb><C
:/Program Files (x86)/MiKTeX 2.9/fonts/type1/public/amsfonts/cm/cmcsc10.pfb><C:
/Program Files (x86)/MiKTeX 2.9/fonts/type1/public/amsfonts/cm/cmex10.pfb><C:/P
rogram Files (x86)/MiKTeX 2.9/fonts/type1/public/amsfonts/cm/cmmi12.pfb><C:/Pro
gram Files (x86)/MiKTeX 2.9/fonts/type1/public/amsfonts/cm/cmmi8.pfb><C:/Progra
m Files (x86)/MiKTeX 2.9/fonts/type1/public/amsfonts/cm/cmr10.pfb><C:/Program F
iles (x86)/MiKTeX 2.9/fonts/type1/public/amsfonts/cm/cmr12.pfb><C:/Program File
s (x86)/MiKTeX 2.9/fonts/type1/public/amsfonts/cm/cmr17.pfb><C:/Program Files (
x86)/MiKTeX 2.9/fonts/type1/public/amsfonts/cm/cmr8.pfb><C:/Program Files (x86)
/MiKTeX 2.9/fonts/type1/public/amsfonts/cm/cmsy10.pfb><C:/Program Files (x86)/M
iKTeX 2.9/fonts/type1/public/amsfonts/cm/cmsy8.pfb><C:/Program Files (x86)/MiKT
eX 2.9/fonts/type1/public/amsfonts/cm/cmti12.pfb><C:/Program Files (x86)/MiKTeX
 2.9/fonts/type1/public/amsfonts/cm/cmtt12.pfb>
Output written on Doc.pdf (46 pages, 1090344 bytes).
PDF statistics:
 691 PDF objects out of 1000 (max. 8388607)
 152 named destinations out of 1000 (max. 500000)
 544 words of extra memory for PDF output out of 10000 (max. 10000000)

